<?xml version="1.0" encoding="UTF-8"?>
<!-- Generated by org.testng.reporters.JUnitXMLReporter -->
<testsuite hostname="LAPTOP-T2D0RNDH" ignored="0" name="Default test" tests="50" failures="2" timestamp="03 May 2019 14:19:53 GMT" time="534.924" errors="0">
  <testcase name="verifyDashboardTitleTest" time="0.039" classname="com.shopcart.qa.testpages.DashboardTest">
    <failure type="java.lang.AssertionError" message="expected [Dashboard • ShopCartt] but found [ShopCartt &amp;gt; Administration panel (PrestaShop™)]">
      <![CDATA[java.lang.AssertionError: expected [Dashboard • ShopCartt] but found [ShopCartt > Administration panel (PrestaShop™)]
at org.testng.Assert.fail(Assert.java:96)
at org.testng.Assert.failNotEquals(Assert.java:776)
at org.testng.Assert.assertEqualsImpl(Assert.java:137)
at org.testng.Assert.assertEquals(Assert.java:118)
at org.testng.Assert.assertEquals(Assert.java:453)
at org.testng.Assert.assertEquals(Assert.java:463)
at com.shopcart.qa.testpages.DashboardTest.verifyDashboardTitleTest(DashboardTest.java:34)
at sun.reflect.NativeMethodAccessorImpl.invoke0(Native Method)
at sun.reflect.NativeMethodAccessorImpl.invoke(NativeMethodAccessorImpl.java:62)
at sun.reflect.DelegatingMethodAccessorImpl.invoke(DelegatingMethodAccessorImpl.java:43)
at java.lang.reflect.Method.invoke(Method.java:498)
at org.testng.internal.MethodInvocationHelper.invokeMethod(MethodInvocationHelper.java:124)
at org.testng.internal.Invoker.invokeMethod(Invoker.java:583)
at org.testng.internal.Invoker.invokeTestMethod(Invoker.java:719)
at org.testng.internal.Invoker.invokeTestMethods(Invoker.java:989)
at org.testng.internal.TestMethodWorker.invokeTestMethods(TestMethodWorker.java:125)
at org.testng.internal.TestMethodWorker.run(TestMethodWorker.java:109)
at org.testng.TestRunner.privateRun(TestRunner.java:648)
at org.testng.TestRunner.run(TestRunner.java:505)
at org.testng.SuiteRunner.runTest(SuiteRunner.java:455)
at org.testng.SuiteRunner.runSequentially(SuiteRunner.java:450)
at org.testng.SuiteRunner.privateRun(SuiteRunner.java:415)
at org.testng.SuiteRunner.run(SuiteRunner.java:364)
at org.testng.SuiteRunnerWorker.runSuite(SuiteRunnerWorker.java:52)
at org.testng.SuiteRunnerWorker.run(SuiteRunnerWorker.java:84)
at org.testng.TestNG.runSuitesSequentially(TestNG.java:1208)
at org.testng.TestNG.runSuitesLocally(TestNG.java:1137)
at org.testng.TestNG.runSuites(TestNG.java:1049)
at org.testng.TestNG.run(TestNG.java:1017)
at org.testng.remote.AbstractRemoteTestNG.run(AbstractRemoteTestNG.java:114)
at org.testng.remote.RemoteTestNG.initAndRun(RemoteTestNG.java:251)
at org.testng.remote.RemoteTestNG.main(RemoteTestNG.java:77)
]]>
    </failure>
  </testcase> <!-- verifyDashboardTitleTest -->
  <testcase name="verifyDashboardLogoTest" time="5.976" classname="com.shopcart.qa.testpages.DashboardTest"/>
  <testcase name="verifyShopCarttTagTest" time="3.966" classname="com.shopcart.qa.testpages.DashboardTest"/>
  <testcase name="verifyCartBasketLogoTest" time="4.303" classname="com.shopcart.qa.testpages.DashboardTest"/>
  <testcase name="verifyUserIconTest" time="4.253" classname="com.shopcart.qa.testpages.DashboardTest"/>
  <testcase name="verifyEnvelopeIconTest" time="6.222" classname="com.shopcart.qa.testpages.DashboardTest"/>
  <testcase name="verifyCupLogoTest" time="3.938" classname="com.shopcart.qa.testpages.DashboardTest"/>
  <testcase name="verifyQuickAccessLinkTest" time="4.717" classname="com.shopcart.qa.testpages.DashboardTest"/>
  <testcase name="ClickOnCartBasketLogoTest" time="3.992" classname="com.shopcart.qa.testpages.DashboardTest"/>
  <testcase name="ClickOnUserIconTest" time="5.028" classname="com.shopcart.qa.testpages.DashboardTest"/>
  <testcase name="ClickOnEnvelopeIconTest" time="3.588" classname="com.shopcart.qa.testpages.DashboardTest"/>
  <testcase name="ClickOnCupLogoTest" time="3.535" classname="com.shopcart.qa.testpages.DashboardTest"/>
  <testcase name="ClickOnQuickAccessLinkTest" time="3.348" classname="com.shopcart.qa.testpages.DashboardTest"/>
  <testcase name="verifyConnectToPrestashopLinkTest" time="3.601" classname="com.shopcart.qa.testpages.DashboardTest"/>
  <testcase name="verifyMyShopLinkTest" time="3.613" classname="com.shopcart.qa.testpages.DashboardTest"/>
  <testcase name="verifySystemAdminLinkTest" time="4.198" classname="com.shopcart.qa.testpages.DashboardTest"/>
  <testcase name="verifyDropDownLinkTest" time="3.43" classname="com.shopcart.qa.testpages.DashboardTest"/>
  <testcase name="verifyAvatarSymbolTest" time="3.318" classname="com.shopcart.qa.testpages.DashboardTest"/>
  <testcase name="verifySearchLinkIconTest" time="3.782" classname="com.shopcart.qa.testpages.DashboardTest"/>
  <testcase name="verifySearchDropDownTest" time="3.471" classname="com.shopcart.qa.testpages.DashboardTest"/>
  <testcase name="verifySearchBoxTest" time="3.369" classname="com.shopcart.qa.testpages.DashboardTest"/>
  <testcase name="verifySearchBoxPlaceholderTest" time="3.294" classname="com.shopcart.qa.testpages.DashboardTest"/>
  <testcase name="verifyDemoModeToggleBtnTest" time="5.634" classname="com.shopcart.qa.testpages.DashboardTest">
    <failure type="java.lang.AssertionError" message="expected [Demo Mode] but found [Demo mode]">
      <![CDATA[java.lang.AssertionError: expected [Demo Mode] but found [Demo mode]
at org.testng.Assert.fail(Assert.java:96)
at org.testng.Assert.failNotEquals(Assert.java:776)
at org.testng.Assert.assertEqualsImpl(Assert.java:137)
at org.testng.Assert.assertEquals(Assert.java:118)
at org.testng.Assert.assertEquals(Assert.java:453)
at org.testng.Assert.assertEquals(Assert.java:463)
at com.shopcart.qa.testpages.DashboardTest.verifyDemoModeToggleBtnTest(DashboardTest.java:259)
at sun.reflect.NativeMethodAccessorImpl.invoke0(Native Method)
at sun.reflect.NativeMethodAccessorImpl.invoke(NativeMethodAccessorImpl.java:62)
at sun.reflect.DelegatingMethodAccessorImpl.invoke(DelegatingMethodAccessorImpl.java:43)
at java.lang.reflect.Method.invoke(Method.java:498)
at org.testng.internal.MethodInvocationHelper.invokeMethod(MethodInvocationHelper.java:124)
at org.testng.internal.Invoker.invokeMethod(Invoker.java:583)
at org.testng.internal.Invoker.invokeTestMethod(Invoker.java:719)
at org.testng.internal.Invoker.invokeTestMethods(Invoker.java:989)
at org.testng.internal.TestMethodWorker.invokeTestMethods(TestMethodWorker.java:125)
at org.testng.internal.TestMethodWorker.run(TestMethodWorker.java:109)
at org.testng.TestRunner.privateRun(TestRunner.java:648)
at org.testng.TestRunner.run(TestRunner.java:505)
at org.testng.SuiteRunner.runTest(SuiteRunner.java:455)
at org.testng.SuiteRunner.runSequentially(SuiteRunner.java:450)
at org.testng.SuiteRunner.privateRun(SuiteRunner.java:415)
at org.testng.SuiteRunner.run(SuiteRunner.java:364)
at org.testng.SuiteRunnerWorker.runSuite(SuiteRunnerWorker.java:52)
at org.testng.SuiteRunnerWorker.run(SuiteRunnerWorker.java:84)
at org.testng.TestNG.runSuitesSequentially(TestNG.java:1208)
at org.testng.TestNG.runSuitesLocally(TestNG.java:1137)
at org.testng.TestNG.runSuites(TestNG.java:1049)
at org.testng.TestNG.run(TestNG.java:1017)
at org.testng.remote.AbstractRemoteTestNG.run(AbstractRemoteTestNG.java:114)
at org.testng.remote.RemoteTestNG.initAndRun(RemoteTestNG.java:251)
at org.testng.remote.RemoteTestNG.main(RemoteTestNG.java:77)
]]>
    </failure>
  </testcase> <!-- verifyDemoModeToggleBtnTest -->
  <testcase name="verifyHelpTextTest" time="4.068" classname="com.shopcart.qa.testpages.DashboardTest"/>
  <testcase name="verifyToggleBtnTest" time="3.594" classname="com.shopcart.qa.testpages.DashboardTest"/>
  <testcase name="verifyHelpIconTest" time="4.242" classname="com.shopcart.qa.testpages.DashboardTest"/>
  <testcase name="verifyCatalogIconTest" time="4.039" classname="com.shopcart.qa.testpages.DashboardTest"/>
  <testcase name="ClickOnCatalogLinkTest" time="4.766" classname="com.shopcart.qa.testpages.DashboardTest"/>
  <testcase name="verifyOrdersIconTest" time="3.562" classname="com.shopcart.qa.testpages.DashboardTest"/>
  <testcase name="ClickOnOrdersLinkTest" time="3.884" classname="com.shopcart.qa.testpages.DashboardTest"/>
  <testcase name="verifyCustomersIconTest" time="3.429" classname="com.shopcart.qa.testpages.DashboardTest"/>
  <testcase name="ClickOnCustomersLinkTest" time="4.859" classname="com.shopcart.qa.testpages.DashboardTest"/>
  <testcase name="verifyPriceRulesIconTest" time="3.351" classname="com.shopcart.qa.testpages.DashboardTest"/>
  <testcase name="ClickOnPriceRulesLinkTest" time="4.249" classname="com.shopcart.qa.testpages.DashboardTest"/>
  <testcase name="verifyModulesAndServicesIconTest" time="4.133" classname="com.shopcart.qa.testpages.DashboardTest"/>
  <testcase name="ClickOnModulesAndServicesLinkTest" time="12.465" classname="com.shopcart.qa.testpages.DashboardTest"/>
  <testcase name="verifyShippingIconTest" time="3.598" classname="com.shopcart.qa.testpages.DashboardTest"/>
  <testcase name="ClickOnShippingLinkTest" time="4.369" classname="com.shopcart.qa.testpages.DashboardTest"/>
  <testcase name="verifyLocalizationIconTest" time="3.81" classname="com.shopcart.qa.testpages.DashboardTest"/>
  <testcase name="ClickOnLocalizationLinkTest" time="6.532" classname="com.shopcart.qa.testpages.DashboardTest"/>
  <testcase name="verifyPreferenceIconTest" time="3.236" classname="com.shopcart.qa.testpages.DashboardTest"/>
  <testcase name="ClickOnPreferenceLinkTest" time="3.747" classname="com.shopcart.qa.testpages.DashboardTest"/>
  <testcase name="verifyAdvParametersIconTest" time="3.576" classname="com.shopcart.qa.testpages.DashboardTest"/>
  <testcase name="ClickOnAdvParametersIconTest" time="11.066" classname="com.shopcart.qa.testpages.DashboardTest"/>
  <testcase name="verifyAdministrationIconTest" time="3.331" classname="com.shopcart.qa.testpages.DashboardTest"/>
  <testcase name="ClickOnAdministrationlinkTest" time="4.296" classname="com.shopcart.qa.testpages.DashboardTest"/>
  <testcase name="verifyStatsIconTest" time="3.326" classname="com.shopcart.qa.testpages.DashboardTest"/>
  <testcase name="ClickOnStatsLinkTest" time="4.118" classname="com.shopcart.qa.testpages.DashboardTest"/>
  <testcase name="verifyAlignIconLinkTest" time="3.891" classname="com.shopcart.qa.testpages.DashboardTest"/>
  <testcase name="ClickOnAlignIconLinkTest" time="3.337" classname="com.shopcart.qa.testpages.DashboardTest"/>
</testsuite> <!-- Default test -->
