<?xml version="1.0" encoding="UTF-8"?>
<!-- Generated by org.testng.reporters.JUnitReportReporter -->
<testsuite skipped="0" hostname="LAPTOP-T2D0RNDH" name="com.shopcart.qa.testpages.DashboardTest" tests="50" failures="2" timestamp="03 May 2019 14:19:53 GMT" time="534.792" errors="0">
  <testcase name="verifyDashboardTitleTest" time="5.696" classname="com.shopcart.qa.testpages.DashboardTest">
    <failure type="java.lang.AssertionError" message="expected [Dashboard • ShopCartt] but found [ShopCartt &gt; Administration panel (PrestaShop™)]">
      <![CDATA[java.lang.AssertionError: expected [Dashboard • ShopCartt] but found [ShopCartt > Administration panel (PrestaShop™)]
at org.testng.Assert.fail(Assert.java:96)
at org.testng.Assert.failNotEquals(Assert.java:776)
at org.testng.Assert.assertEqualsImpl(Assert.java:137)
at org.testng.Assert.assertEquals(Assert.java:118)
at org.testng.Assert.assertEquals(Assert.java:453)
at org.testng.Assert.assertEquals(Assert.java:463)
at com.shopcart.qa.testpages.DashboardTest.verifyDashboardTitleTest(DashboardTest.java:34)
at sun.reflect.NativeMethodAccessorImpl.invoke0(Native Method)
at sun.reflect.NativeMethodAccessorImpl.invoke(NativeMethodAccessorImpl.java:62)
at sun.reflect.DelegatingMethodAccessorImpl.invoke(DelegatingMethodAccessorImpl.java:43)
at java.lang.reflect.Method.invoke(Method.java:498)
at org.testng.internal.MethodInvocationHelper.invokeMethod(MethodInvocationHelper.java:124)
at org.testng.internal.Invoker.invokeMethod(Invoker.java:583)
at org.testng.internal.Invoker.invokeTestMethod(Invoker.java:719)
at org.testng.internal.Invoker.invokeTestMethods(Invoker.java:989)
at org.testng.internal.TestMethodWorker.invokeTestMethods(TestMethodWorker.java:125)
at org.testng.internal.TestMethodWorker.run(TestMethodWorker.java:109)
at org.testng.TestRunner.privateRun(TestRunner.java:648)
at org.testng.TestRunner.run(TestRunner.java:505)
at org.testng.SuiteRunner.runTest(SuiteRunner.java:455)
at org.testng.SuiteRunner.runSequentially(SuiteRunner.java:450)
at org.testng.SuiteRunner.privateRun(SuiteRunner.java:415)
at org.testng.SuiteRunner.run(SuiteRunner.java:364)
at org.testng.SuiteRunnerWorker.runSuite(SuiteRunnerWorker.java:52)
at org.testng.SuiteRunnerWorker.run(SuiteRunnerWorker.java:84)
at org.testng.TestNG.runSuitesSequentially(TestNG.java:1208)
at org.testng.TestNG.runSuitesLocally(TestNG.java:1137)
at org.testng.TestNG.runSuites(TestNG.java:1049)
at org.testng.TestNG.run(TestNG.java:1017)
at org.testng.remote.AbstractRemoteTestNG.run(AbstractRemoteTestNG.java:114)
at org.testng.remote.RemoteTestNG.initAndRun(RemoteTestNG.java:251)
at org.testng.remote.RemoteTestNG.main(RemoteTestNG.java:77)
]]>
    </failure>
  </testcase> <!-- verifyDashboardTitleTest -->
  <testcase name="verifyDashboardLogoTest" time="12.758" classname="com.shopcart.qa.testpages.DashboardTest"/>
  <testcase name="verifyShopCarttTagTest" time="9.861" classname="com.shopcart.qa.testpages.DashboardTest"/>
  <testcase name="verifyCartBasketLogoTest" time="9.882" classname="com.shopcart.qa.testpages.DashboardTest"/>
  <testcase name="verifyUserIconTest" time="9.935" classname="com.shopcart.qa.testpages.DashboardTest"/>
  <testcase name="verifyEnvelopeIconTest" time="11.991" classname="com.shopcart.qa.testpages.DashboardTest"/>
  <testcase name="verifyCupLogoTest" time="10.134" classname="com.shopcart.qa.testpages.DashboardTest"/>
  <testcase name="verifyQuickAccessLinkTest" time="13.311" classname="com.shopcart.qa.testpages.DashboardTest"/>
  <testcase name="ClickOnCartBasketLogoTest" time="11.699" classname="com.shopcart.qa.testpages.DashboardTest"/>
  <testcase name="ClickOnUserIconTest" time="10.729" classname="com.shopcart.qa.testpages.DashboardTest"/>
  <testcase name="ClickOnEnvelopeIconTest" time="11.263" classname="com.shopcart.qa.testpages.DashboardTest"/>
  <testcase name="ClickOnCupLogoTest" time="9.207" classname="com.shopcart.qa.testpages.DashboardTest"/>
  <testcase name="ClickOnQuickAccessLinkTest" time="9.638" classname="com.shopcart.qa.testpages.DashboardTest"/>
  <testcase name="verifyConnectToPrestashopLinkTest" time="9.061" classname="com.shopcart.qa.testpages.DashboardTest"/>
  <testcase name="verifyMyShopLinkTest" time="10.434" classname="com.shopcart.qa.testpages.DashboardTest"/>
  <testcase name="verifySystemAdminLinkTest" time="10.051" classname="com.shopcart.qa.testpages.DashboardTest"/>
  <testcase name="verifyDropDownLinkTest" time="10.316" classname="com.shopcart.qa.testpages.DashboardTest"/>
  <testcase name="verifyAvatarSymbolTest" time="9.580" classname="com.shopcart.qa.testpages.DashboardTest"/>
  <testcase name="verifySearchLinkIconTest" time="9.633" classname="com.shopcart.qa.testpages.DashboardTest"/>
  <testcase name="verifySearchDropDownTest" time="9.593" classname="com.shopcart.qa.testpages.DashboardTest"/>
  <testcase name="verifySearchBoxTest" time="9.223" classname="com.shopcart.qa.testpages.DashboardTest"/>
  <testcase name="verifySearchBoxPlaceholderTest" time="9.064" classname="com.shopcart.qa.testpages.DashboardTest"/>
  <testcase name="verifyDemoModeToggleBtnTest" time="12.077" classname="com.shopcart.qa.testpages.DashboardTest">
    <failure type="java.lang.AssertionError" message="expected [Demo Mode] but found [Demo mode]">
      <![CDATA[java.lang.AssertionError: expected [Demo Mode] but found [Demo mode]
at org.testng.Assert.fail(Assert.java:96)
at org.testng.Assert.failNotEquals(Assert.java:776)
at org.testng.Assert.assertEqualsImpl(Assert.java:137)
at org.testng.Assert.assertEquals(Assert.java:118)
at org.testng.Assert.assertEquals(Assert.java:453)
at org.testng.Assert.assertEquals(Assert.java:463)
at com.shopcart.qa.testpages.DashboardTest.verifyDemoModeToggleBtnTest(DashboardTest.java:259)
at sun.reflect.NativeMethodAccessorImpl.invoke0(Native Method)
at sun.reflect.NativeMethodAccessorImpl.invoke(NativeMethodAccessorImpl.java:62)
at sun.reflect.DelegatingMethodAccessorImpl.invoke(DelegatingMethodAccessorImpl.java:43)
at java.lang.reflect.Method.invoke(Method.java:498)
at org.testng.internal.MethodInvocationHelper.invokeMethod(MethodInvocationHelper.java:124)
at org.testng.internal.Invoker.invokeMethod(Invoker.java:583)
at org.testng.internal.Invoker.invokeTestMethod(Invoker.java:719)
at org.testng.internal.Invoker.invokeTestMethods(Invoker.java:989)
at org.testng.internal.TestMethodWorker.invokeTestMethods(TestMethodWorker.java:125)
at org.testng.internal.TestMethodWorker.run(TestMethodWorker.java:109)
at org.testng.TestRunner.privateRun(TestRunner.java:648)
at org.testng.TestRunner.run(TestRunner.java:505)
at org.testng.SuiteRunner.runTest(SuiteRunner.java:455)
at org.testng.SuiteRunner.runSequentially(SuiteRunner.java:450)
at org.testng.SuiteRunner.privateRun(SuiteRunner.java:415)
at org.testng.SuiteRunner.run(SuiteRunner.java:364)
at org.testng.SuiteRunnerWorker.runSuite(SuiteRunnerWorker.java:52)
at org.testng.SuiteRunnerWorker.run(SuiteRunnerWorker.java:84)
at org.testng.TestNG.runSuitesSequentially(TestNG.java:1208)
at org.testng.TestNG.runSuitesLocally(TestNG.java:1137)
at org.testng.TestNG.runSuites(TestNG.java:1049)
at org.testng.TestNG.run(TestNG.java:1017)
at org.testng.remote.AbstractRemoteTestNG.run(AbstractRemoteTestNG.java:114)
at org.testng.remote.RemoteTestNG.initAndRun(RemoteTestNG.java:251)
at org.testng.remote.RemoteTestNG.main(RemoteTestNG.java:77)
]]>
    </failure>
  </testcase> <!-- verifyDemoModeToggleBtnTest -->
  <testcase name="verifyHelpTextTest" time="10.305" classname="com.shopcart.qa.testpages.DashboardTest"/>
  <testcase name="verifyToggleBtnTest" time="9.310" classname="com.shopcart.qa.testpages.DashboardTest"/>
  <testcase name="verifyHelpIconTest" time="10.098" classname="com.shopcart.qa.testpages.DashboardTest"/>
  <testcase name="verifyCatalogIconTest" time="12.005" classname="com.shopcart.qa.testpages.DashboardTest"/>
  <testcase name="ClickOnCatalogLinkTest" time="10.487" classname="com.shopcart.qa.testpages.DashboardTest"/>
  <testcase name="verifyOrdersIconTest" time="9.095" classname="com.shopcart.qa.testpages.DashboardTest"/>
  <testcase name="ClickOnOrdersLinkTest" time="9.876" classname="com.shopcart.qa.testpages.DashboardTest"/>
  <testcase name="verifyCustomersIconTest" time="9.893" classname="com.shopcart.qa.testpages.DashboardTest"/>
  <testcase name="ClickOnCustomersLinkTest" time="10.699" classname="com.shopcart.qa.testpages.DashboardTest"/>
  <testcase name="verifyPriceRulesIconTest" time="9.546" classname="com.shopcart.qa.testpages.DashboardTest"/>
  <testcase name="ClickOnPriceRulesLinkTest" time="9.900" classname="com.shopcart.qa.testpages.DashboardTest"/>
  <testcase name="verifyModulesAndServicesIconTest" time="10.229" classname="com.shopcart.qa.testpages.DashboardTest"/>
  <testcase name="ClickOnModulesAndServicesLinkTest" time="18.001" classname="com.shopcart.qa.testpages.DashboardTest"/>
  <testcase name="verifyShippingIconTest" time="9.088" classname="com.shopcart.qa.testpages.DashboardTest"/>
  <testcase name="ClickOnShippingLinkTest" time="9.842" classname="com.shopcart.qa.testpages.DashboardTest"/>
  <testcase name="verifyLocalizationIconTest" time="11.257" classname="com.shopcart.qa.testpages.DashboardTest"/>
  <testcase name="ClickOnLocalizationLinkTest" time="12.637" classname="com.shopcart.qa.testpages.DashboardTest"/>
  <testcase name="verifyPreferenceIconTest" time="8.782" classname="com.shopcart.qa.testpages.DashboardTest"/>
  <testcase name="ClickOnPreferenceLinkTest" time="10.159" classname="com.shopcart.qa.testpages.DashboardTest"/>
  <testcase name="verifyAdvParametersIconTest" time="9.683" classname="com.shopcart.qa.testpages.DashboardTest"/>
  <testcase name="ClickOnAdvParametersIconTest" time="16.864" classname="com.shopcart.qa.testpages.DashboardTest"/>
  <testcase name="verifyAdministrationIconTest" time="9.114" classname="com.shopcart.qa.testpages.DashboardTest"/>
  <testcase name="ClickOnAdministrationlinkTest" time="10.049" classname="com.shopcart.qa.testpages.DashboardTest"/>
  <testcase name="verifyStatsIconTest" time="21.227" classname="com.shopcart.qa.testpages.DashboardTest"/>
  <testcase name="ClickOnStatsLinkTest" time="9.887" classname="com.shopcart.qa.testpages.DashboardTest"/>
  <testcase name="verifyAlignIconLinkTest" time="10.713" classname="com.shopcart.qa.testpages.DashboardTest"/>
  <testcase name="ClickOnAlignIconLinkTest" time="10.910" classname="com.shopcart.qa.testpages.DashboardTest"/>
</testsuite> <!-- com.shopcart.qa.testpages.DashboardTest -->
